<?xml version="1.0" encoding="UTF-8" ?>
<testsuites>
 <testsuite name="login" timestamp="2017-02-03T16:13:58" hostname="localhost" time="6.553" errors="0" tests="2" skipped="0" disabled="0" failures="0">
  <testcase classname="login" name="should fail to login with bad password" time="2.438" />
  <testcase classname="login" name="should login successfully with valid account" time="2.311" />
 </testsuite>
</testsuites>