<?xml version="1.0" encoding="UTF-8" ?>
<testsuites>
 <testsuite name="register" timestamp="2017-02-03T16:14:04" hostname="localhost" time="9.579" errors="0" tests="2" skipped="0" disabled="0" failures="0">
  <testcase classname="register" name="should fail with short password" time="3.795" />
  <testcase classname="register" name="should register successfully" time="5.504" />
 </testsuite>
</testsuites>